<?xml version="1.0" encoding="UTF-8"?>
<!-- Generated by org.testng.reporters.JUnitXMLReporter -->
<testsuite hostname="lhh-PC" tests="7" failures="0" timestamp="2 May 2018 06:53:23 GMT" time="0.025" errors="0">
  <testcase name="testAbs" time="0.002" classname="AbsTest"/>
  <testcase name="testAbs1" time="0.0" classname="AbsTest"/>
  <testcase name="testAbs2" time="0.0" classname="AbsTest"/>
  <testcase name="testWhiteTest1" time="0.001" classname="WhiteTest"/>
  <testcase name="testWhiteTest2" time="0.0" classname="WhiteTest"/>
  <testcase name="testWhiteTest3" time="0.0" classname="WhiteTest"/>
  <testcase name="testWhiteTest4" time="0.0" classname="WhiteTest"/>
</testsuite>
