<?xml version="1.0" encoding="UTF-8"?>
<testng-results skipped="0" failed="0" total="1" passed="1">
  <reporter-output>
  </reporter-output>
  <suite name="WoMaiWhiteTest" duration-ms="7977" started-at="2018-05-02T09:14:52Z" finished-at="2018-05-02T09:15:00Z">
    <groups>
    </groups>
    <test name="User" duration-ms="7977" started-at="2018-05-02T09:14:52Z" finished-at="2018-05-02T09:15:00Z">
      <class name="TestCrossBrowser">
        <test-method status="PASS" signature="startBrowser(java.lang.String)[pri:0, instance:TestCrossBrowser@7a39ea]" name="startBrowser" duration-ms="7961" started-at="2018-05-02T17:14:52Z" finished-at="2018-05-02T17:15:00Z">
          <params>
            <param index="0">
              <value>
                <![CDATA[chrome]]>
              </value>
            </param>
          </params>
          <reporter-output>
          </reporter-output>
        </test-method> <!-- startBrowser -->
      </class> <!-- TestCrossBrowser -->
    </test> <!-- User -->
  </suite> <!-- WoMaiWhiteTest -->
</testng-results>
